2015-03-14 18:43:21 - PHP Notice:  Undefined variable: text_contact in C:\Users\Ryan\Documents\www\opencart\catalog\view\theme\lcmtours\template\common\header.tpl on line 90
2015-03-14 18:43:46 - PHP Notice:  Undefined variable: text_contact in C:\Users\Ryan\Documents\www\opencart\catalog\view\theme\lcmtours\template\common\header.tpl on line 90
2015-03-14 18:43:52 - PHP Notice:  Undefined variable: text_contact in C:\Users\Ryan\Documents\www\opencart\catalog\view\theme\lcmtours\template\common\header.tpl on line 90
2015-03-14 20:18:58 - PHP Notice:  Undefined index: quantity in C:\Users\Ryan\Documents\www\opencart\catalog\controller\checkout\cart.php on line 336
2015-03-14 20:19:14 - PHP Notice:  Undefined index: quantity in C:\Users\Ryan\Documents\www\opencart\catalog\controller\checkout\cart.php on line 336
2015-03-14 20:27:49 - PHP Notice:  Undefined variable: shopping_cart in C:\Users\Ryan\Documents\www\opencart\catalog\view\theme\lcmtours\template\product\product.tpl on line 142
2015-03-14 20:28:10 - PHP Notice:  Undefined variable: shopping_cart in C:\Users\Ryan\Documents\www\opencart\catalog\view\theme\lcmtours\template\product\product.tpl on line 142
2015-03-27 16:55:40 - PHP Notice:  Undefined variable: duration in C:\Users\Ryan\Documents\www\opencart\catalog\view\theme\lcmtours\template\product\product.tpl on line 16
2015-03-27 16:56:30 - PHP Notice:  Undefined variable: duration in C:\Users\Ryan\Documents\www\opencart\catalog\view\theme\lcmtours\template\product\product.tpl on line 16
2015-03-27 16:56:34 - PHP Notice:  Undefined variable: duration in C:\Users\Ryan\Documents\www\opencart\catalog\view\theme\lcmtours\template\product\product.tpl on line 16
2015-03-27 16:56:45 - PHP Notice:  Undefined variable: duration in C:\Users\Ryan\Documents\www\opencart\catalog\view\theme\lcmtours\template\product\product.tpl on line 16
2015-03-28 15:35:57 - PHP Notice:  Undefined index: input-quantity in C:\Users\Ryan\Documents\www\opencart\catalog\view\theme\lcmtours\template\product\product.tpl on line 317
2015-03-28 15:35:57 - PHP Notice:  Undefined index: input-quantity in C:\Users\Ryan\Documents\www\opencart\catalog\view\theme\lcmtours\template\product\product.tpl on line 317
2015-03-28 15:35:57 - PHP Notice:  Undefined index: input-quantity in C:\Users\Ryan\Documents\www\opencart\catalog\view\theme\lcmtours\template\product\product.tpl on line 317
2015-03-28 15:36:28 - PHP Notice:  Undefined index: input-quantity in C:\Users\Ryan\Documents\www\opencart\catalog\view\theme\lcmtours\template\product\product.tpl on line 317
2015-03-28 15:36:28 - PHP Notice:  Undefined index: input-quantity in C:\Users\Ryan\Documents\www\opencart\catalog\view\theme\lcmtours\template\product\product.tpl on line 317
2015-03-28 15:36:28 - PHP Notice:  Undefined index: input-quantity in C:\Users\Ryan\Documents\www\opencart\catalog\view\theme\lcmtours\template\product\product.tpl on line 317
2015-03-28 16:45:37 - PHP Notice:  Undefined index: quantity in C:\Users\Ryan\Documents\www\opencart\catalog\controller\checkout\cart.php on line 336
2015-03-28 16:46:14 - PHP Notice:  Undefined index: quantity in C:\Users\Ryan\Documents\www\opencart\catalog\controller\checkout\cart.php on line 336
2015-03-28 16:46:30 - PHP Notice:  Undefined index: quantity in C:\Users\Ryan\Documents\www\opencart\catalog\controller\checkout\cart.php on line 336
2015-03-28 16:50:16 - PHP Notice:  Undefined index: quantity in C:\Users\Ryan\Documents\www\opencart\catalog\controller\checkout\cart.php on line 336
2015-03-28 16:51:27 - PHP Notice:  Undefined index: quantity in C:\Users\Ryan\Documents\www\opencart\catalog\controller\checkout\cart.php on line 336
2015-03-28 16:51:40 - PHP Notice:  Undefined index: quantity in C:\Users\Ryan\Documents\www\opencart\catalog\controller\checkout\cart.php on line 336
2015-03-28 16:51:58 - PHP Notice:  Undefined index: quantity in C:\Users\Ryan\Documents\www\opencart\catalog\controller\checkout\cart.php on line 336
2015-03-28 16:53:36 - PHP Notice:  Undefined index: quantity in C:\Users\Ryan\Documents\www\opencart\catalog\controller\checkout\cart.php on line 336
2015-03-28 16:55:05 - PHP Notice:  Undefined index: quantity in C:\Users\Ryan\Documents\www\opencart\catalog\controller\checkout\cart.php on line 336
2015-03-28 16:55:20 - PHP Notice:  Undefined index: quantity in C:\Users\Ryan\Documents\www\opencart\catalog\controller\checkout\cart.php on line 336
2015-03-28 16:55:24 - PHP Notice:  Undefined index: quantity in C:\Users\Ryan\Documents\www\opencart\catalog\controller\checkout\cart.php on line 336
2015-03-28 16:56:14 - PHP Notice:  Undefined index: quantity in C:\Users\Ryan\Documents\www\opencart\catalog\controller\checkout\cart.php on line 336
2015-03-28 16:56:19 - PHP Notice:  Undefined index: quantity in C:\Users\Ryan\Documents\www\opencart\catalog\controller\checkout\cart.php on line 336
2015-03-28 16:59:14 - PHP Notice:  Undefined index: quantity in C:\Users\Ryan\Documents\www\opencart\catalog\controller\checkout\cart.php on line 336
2015-03-28 17:01:02 - PHP Notice:  Undefined index: quantity in C:\Users\Ryan\Documents\www\opencart\catalog\controller\checkout\cart.php on line 336
2015-03-28 17:01:19 - PHP Notice:  Undefined index: quantity in C:\Users\Ryan\Documents\www\opencart\catalog\controller\checkout\cart.php on line 336
2015-03-28 17:01:32 - PHP Notice:  Undefined index: quantity in C:\Users\Ryan\Documents\www\opencart\catalog\controller\checkout\cart.php on line 336
2015-03-28 17:01:48 - PHP Notice:  Undefined index: quantity in C:\Users\Ryan\Documents\www\opencart\catalog\controller\checkout\cart.php on line 336
2015-03-28 17:02:09 - PHP Notice:  Undefined index: quantity in C:\Users\Ryan\Documents\www\opencart\catalog\controller\checkout\cart.php on line 336
2015-03-28 17:03:30 - PHP Notice:  Undefined index: quantity in C:\Users\Ryan\Documents\www\opencart\catalog\controller\checkout\cart.php on line 336
2015-03-28 17:27:39 - PHP Notice:  Undefined variable: text_cart in C:\Users\Ryan\Documents\www\opencart\catalog\view\theme\lcmtours\template\common\header.tpl on line 86
2015-03-28 19:50:13 - PHP Notice:  Undefined variable: product in C:\Users\Ryan\Documents\www\opencart\catalog\view\theme\lcmtours\template\checkout\cart.tpl on line 32
2015-03-28 19:50:13 - PHP Notice:  Undefined variable: product in C:\Users\Ryan\Documents\www\opencart\catalog\view\theme\lcmtours\template\checkout\cart.tpl on line 32
2015-03-28 19:50:47 - PHP Notice:  Undefined variable: product in C:\Users\Ryan\Documents\www\opencart\catalog\view\theme\lcmtours\template\checkout\cart.tpl on line 32
2015-03-28 19:50:47 - PHP Notice:  Undefined variable: product in C:\Users\Ryan\Documents\www\opencart\catalog\view\theme\lcmtours\template\checkout\cart.tpl on line 32
2015-03-28 19:51:01 - PHP Notice:  Undefined variable: product in C:\Users\Ryan\Documents\www\opencart\catalog\view\theme\lcmtours\template\checkout\cart.tpl on line 32
2015-03-28 19:51:01 - PHP Notice:  Undefined variable: product in C:\Users\Ryan\Documents\www\opencart\catalog\view\theme\lcmtours\template\checkout\cart.tpl on line 32
2015-03-28 19:51:16 - PHP Notice:  Undefined variable: product in C:\Users\Ryan\Documents\www\opencart\catalog\view\theme\lcmtours\template\checkout\cart.tpl on line 32
2015-03-28 19:51:16 - PHP Notice:  Undefined variable: product in C:\Users\Ryan\Documents\www\opencart\catalog\view\theme\lcmtours\template\checkout\cart.tpl on line 32
2015-03-28 19:51:28 - PHP Notice:  Undefined variable: product in C:\Users\Ryan\Documents\www\opencart\catalog\view\theme\lcmtours\template\checkout\cart.tpl on line 32
2015-03-28 19:51:28 - PHP Notice:  Undefined variable: product in C:\Users\Ryan\Documents\www\opencart\catalog\view\theme\lcmtours\template\checkout\cart.tpl on line 32
2015-03-28 21:00:55 - PHP Notice:  Undefined index: product_id in C:\Users\Ryan\Documents\www\opencart\catalog\view\theme\lcmtours\template\checkout\cart.tpl on line 121
2015-03-28 21:00:55 - PHP Notice:  Undefined index: product_id in C:\Users\Ryan\Documents\www\opencart\catalog\view\theme\lcmtours\template\checkout\cart.tpl on line 121
2015-03-28 21:13:17 - PHP Notice:  Array to string conversion in C:\Users\Ryan\Documents\www\opencart\catalog\view\theme\lcmtours\template\checkout\cart.tpl on line 113
2015-03-28 21:13:17 - PHP Notice:  Array to string conversion in C:\Users\Ryan\Documents\www\opencart\catalog\view\theme\lcmtours\template\checkout\cart.tpl on line 113
2015-03-28 21:13:17 - PHP Notice:  Array to string conversion in C:\Users\Ryan\Documents\www\opencart\catalog\view\theme\lcmtours\template\checkout\cart.tpl on line 113
2015-03-28 21:13:17 - PHP Notice:  Array to string conversion in C:\Users\Ryan\Documents\www\opencart\catalog\view\theme\lcmtours\template\checkout\cart.tpl on line 113
2015-03-28 21:14:24 - PHP Notice:  Array to string conversion in C:\Users\Ryan\Documents\www\opencart\catalog\view\theme\lcmtours\template\checkout\cart.tpl on line 113
2015-03-28 21:14:24 - PHP Notice:  Array to string conversion in C:\Users\Ryan\Documents\www\opencart\catalog\view\theme\lcmtours\template\checkout\cart.tpl on line 113
2015-03-28 22:24:37 - PHP Notice:  Undefined index: product_id in C:\Users\Ryan\Documents\www\opencart\catalog\view\theme\lcmtours\template\checkout\cart.tpl on line 57
2015-03-28 22:24:37 - PHP Notice:  Undefined index: product_id in C:\Users\Ryan\Documents\www\opencart\catalog\view\theme\lcmtours\template\checkout\cart.tpl on line 57
2015-03-28 22:24:37 - PHP Notice:  Undefined index: product_id in C:\Users\Ryan\Documents\www\opencart\catalog\view\theme\lcmtours\template\checkout\cart.tpl on line 117
2015-03-28 22:24:37 - PHP Notice:  Undefined index: product_id in C:\Users\Ryan\Documents\www\opencart\catalog\view\theme\lcmtours\template\checkout\cart.tpl on line 117
2015-03-28 23:18:28 - PHP Warning:  Invalid argument supplied for foreach() in C:\Users\Ryan\Documents\www\opencart\catalog\controller\checkout\cart.php on line 399
2015-03-28 23:18:28 - PHP Warning:  Cannot modify header information - headers already sent by (output started at C:\Users\Ryan\Documents\www\opencart\index.php:98) in C:\Users\Ryan\Documents\www\opencart\system\library\response.php on line 12
2015-03-28 23:18:28 - PHP Warning:  Invalid argument supplied for foreach() in C:\Users\Ryan\Documents\www\opencart\catalog\controller\checkout\cart.php on line 399
2015-03-28 23:18:28 - PHP Warning:  Cannot modify header information - headers already sent by (output started at C:\Users\Ryan\Documents\www\opencart\index.php:98) in C:\Users\Ryan\Documents\www\opencart\system\library\response.php on line 12
2015-03-28 23:29:52 - PHP Warning:  Invalid argument supplied for foreach() in C:\Users\Ryan\Documents\www\opencart\catalog\controller\checkout\cart.php on line 399
2015-03-28 23:29:52 - PHP Warning:  Cannot modify header information - headers already sent by (output started at C:\Users\Ryan\Documents\www\opencart\index.php:98) in C:\Users\Ryan\Documents\www\opencart\system\library\response.php on line 12
2015-03-28 23:29:52 - PHP Warning:  Invalid argument supplied for foreach() in C:\Users\Ryan\Documents\www\opencart\catalog\controller\checkout\cart.php on line 399
2015-03-28 23:29:52 - PHP Warning:  Cannot modify header information - headers already sent by (output started at C:\Users\Ryan\Documents\www\opencart\index.php:98) in C:\Users\Ryan\Documents\www\opencart\system\library\response.php on line 12
2015-03-28 23:29:55 - PHP Warning:  Invalid argument supplied for foreach() in C:\Users\Ryan\Documents\www\opencart\catalog\controller\checkout\cart.php on line 399
2015-03-28 23:29:55 - PHP Warning:  Cannot modify header information - headers already sent by (output started at C:\Users\Ryan\Documents\www\opencart\index.php:98) in C:\Users\Ryan\Documents\www\opencart\system\library\response.php on line 12
2015-03-28 23:29:55 - PHP Warning:  Invalid argument supplied for foreach() in C:\Users\Ryan\Documents\www\opencart\catalog\controller\checkout\cart.php on line 399
2015-03-28 23:29:55 - PHP Warning:  Cannot modify header information - headers already sent by (output started at C:\Users\Ryan\Documents\www\opencart\index.php:98) in C:\Users\Ryan\Documents\www\opencart\system\library\response.php on line 12
2015-03-28 23:31:04 - PHP Warning:  Invalid argument supplied for foreach() in C:\Users\Ryan\Documents\www\opencart\catalog\controller\checkout\cart.php on line 399
2015-03-28 23:31:04 - PHP Warning:  Cannot modify header information - headers already sent by (output started at C:\Users\Ryan\Documents\www\opencart\index.php:98) in C:\Users\Ryan\Documents\www\opencart\system\library\response.php on line 12
2015-03-28 23:31:05 - PHP Warning:  Invalid argument supplied for foreach() in C:\Users\Ryan\Documents\www\opencart\catalog\controller\checkout\cart.php on line 399
2015-03-28 23:31:05 - PHP Warning:  Cannot modify header information - headers already sent by (output started at C:\Users\Ryan\Documents\www\opencart\index.php:98) in C:\Users\Ryan\Documents\www\opencart\system\library\response.php on line 12
2015-03-28 23:31:15 - PHP Warning:  Invalid argument supplied for foreach() in C:\Users\Ryan\Documents\www\opencart\catalog\controller\checkout\cart.php on line 399
2015-03-28 23:31:15 - PHP Warning:  Cannot modify header information - headers already sent by (output started at C:\Users\Ryan\Documents\www\opencart\index.php:98) in C:\Users\Ryan\Documents\www\opencart\system\library\response.php on line 12
2015-03-28 23:33:08 - PHP Warning:  Invalid argument supplied for foreach() in C:\Users\Ryan\Documents\www\opencart\catalog\controller\checkout\cart.php on line 399
2015-03-28 23:33:08 - PHP Warning:  Cannot modify header information - headers already sent by (output started at C:\Users\Ryan\Documents\www\opencart\index.php:98) in C:\Users\Ryan\Documents\www\opencart\system\library\response.php on line 12
2015-03-28 23:36:48 - PHP Warning:  Invalid argument supplied for foreach() in C:\Users\Ryan\Documents\www\opencart\catalog\controller\checkout\cart.php on line 399
2015-03-28 23:36:48 - PHP Warning:  Cannot modify header information - headers already sent by (output started at C:\Users\Ryan\Documents\www\opencart\index.php:98) in C:\Users\Ryan\Documents\www\opencart\system\library\response.php on line 12
2015-03-28 23:37:16 - PHP Warning:  Invalid argument supplied for foreach() in C:\Users\Ryan\Documents\www\opencart\catalog\controller\checkout\cart.php on line 399
2015-03-28 23:37:16 - PHP Warning:  Cannot modify header information - headers already sent by (output started at C:\Users\Ryan\Documents\www\opencart\index.php:98) in C:\Users\Ryan\Documents\www\opencart\system\library\response.php on line 12
2015-03-28 23:37:16 - PHP Warning:  Invalid argument supplied for foreach() in C:\Users\Ryan\Documents\www\opencart\catalog\controller\checkout\cart.php on line 399
2015-03-28 23:37:16 - PHP Warning:  Cannot modify header information - headers already sent by (output started at C:\Users\Ryan\Documents\www\opencart\index.php:98) in C:\Users\Ryan\Documents\www\opencart\system\library\response.php on line 12
2015-03-28 23:37:24 - PHP Warning:  Invalid argument supplied for foreach() in C:\Users\Ryan\Documents\www\opencart\catalog\controller\checkout\cart.php on line 399
2015-03-28 23:37:24 - PHP Warning:  Cannot modify header information - headers already sent by (output started at C:\Users\Ryan\Documents\www\opencart\index.php:98) in C:\Users\Ryan\Documents\www\opencart\system\library\response.php on line 12
2015-03-28 23:45:24 - PHP Warning:  Invalid argument supplied for foreach() in C:\Users\Ryan\Documents\www\opencart\catalog\controller\checkout\cart.php on line 400
2015-03-28 23:45:24 - PHP Warning:  Cannot modify header information - headers already sent by (output started at C:\Users\Ryan\Documents\www\opencart\catalog\controller\checkout\cart.php:397) in C:\Users\Ryan\Documents\www\opencart\system\library\response.php on line 12
2015-03-28 23:45:25 - PHP Warning:  Invalid argument supplied for foreach() in C:\Users\Ryan\Documents\www\opencart\catalog\controller\checkout\cart.php on line 400
2015-03-28 23:45:25 - PHP Warning:  Cannot modify header information - headers already sent by (output started at C:\Users\Ryan\Documents\www\opencart\catalog\controller\checkout\cart.php:397) in C:\Users\Ryan\Documents\www\opencart\system\library\response.php on line 12
2015-03-28 23:45:43 - PHP Warning:  Invalid argument supplied for foreach() in C:\Users\Ryan\Documents\www\opencart\catalog\controller\checkout\cart.php on line 400
2015-03-28 23:45:43 - PHP Warning:  Cannot modify header information - headers already sent by (output started at C:\Users\Ryan\Documents\www\opencart\catalog\controller\checkout\cart.php:397) in C:\Users\Ryan\Documents\www\opencart\system\library\response.php on line 12
2015-03-29 0:07:33 - PHP Notice:  Undefined variable: key in C:\Users\Ryan\Documents\www\opencart\catalog\controller\checkout\cart.php on line 400
2015-03-29 0:07:33 - PHP Warning:  Cannot modify header information - headers already sent by (output started at C:\Users\Ryan\Documents\www\opencart\index.php:98) in C:\Users\Ryan\Documents\www\opencart\system\library\response.php on line 12
2015-03-29 0:07:46 - PHP Notice:  Undefined variable: key in C:\Users\Ryan\Documents\www\opencart\catalog\controller\checkout\cart.php on line 400
2015-03-29 0:07:46 - PHP Warning:  Cannot modify header information - headers already sent by (output started at C:\Users\Ryan\Documents\www\opencart\index.php:98) in C:\Users\Ryan\Documents\www\opencart\system\library\response.php on line 12
2015-03-29 0:08:13 - PHP Notice:  Undefined variable: key in C:\Users\Ryan\Documents\www\opencart\catalog\controller\checkout\cart.php on line 400
2015-03-29 0:08:13 - PHP Warning:  Cannot modify header information - headers already sent by (output started at C:\Users\Ryan\Documents\www\opencart\index.php:98) in C:\Users\Ryan\Documents\www\opencart\system\library\response.php on line 12
2015-03-29 0:15:31 - PHP Warning:  Cannot modify header information - headers already sent by (output started at C:\Users\Ryan\Documents\www\opencart\catalog\controller\checkout\cart.php:396) in C:\Users\Ryan\Documents\www\opencart\system\library\response.php on line 12
2015-03-29 0:16:11 - PHP Warning:  Cannot modify header information - headers already sent by (output started at C:\Users\Ryan\Documents\www\opencart\catalog\controller\checkout\cart.php:396) in C:\Users\Ryan\Documents\www\opencart\system\library\response.php on line 12
2015-03-29 1:41:29 - PHP Notice:  Undefined variable: image in C:\Users\Ryan\Documents\www\opencart\catalog\controller\checkout\cart.php on line 492
2015-03-29 1:41:33 - PHP Notice:  Undefined variable: image in C:\Users\Ryan\Documents\www\opencart\catalog\controller\checkout\cart.php on line 492
2015-03-29 1:41:41 - PHP Notice:  Undefined variable: image in C:\Users\Ryan\Documents\www\opencart\catalog\controller\checkout\cart.php on line 492
2015-03-29 1:41:52 - PHP Notice:  Undefined variable: image in C:\Users\Ryan\Documents\www\opencart\catalog\controller\checkout\cart.php on line 492
2015-03-29 1:49:23 - PHP Notice:  Undefined variable: text_loading in C:\Users\Ryan\Documents\www\opencart\catalog\view\theme\lcmtours\template\checkout\cart.tpl on line 32
2015-03-29 1:51:50 - PHP Notice:  Undefined variable: text_loading in C:\Users\Ryan\Documents\www\opencart\catalog\view\theme\lcmtours\template\checkout\cart.tpl on line 32
2015-03-29 3:50:49 - PHP Warning:  base64_decode() expects parameter 1 to be string, array given in C:\Users\Ryan\Documents\www\opencart\catalog\controller\checkout\cart.php on line 416
2015-03-29 3:51:32 - PHP Warning:  base64_decode() expects parameter 1 to be string, array given in C:\Users\Ryan\Documents\www\opencart\catalog\controller\checkout\cart.php on line 416
2015-03-29 3:52:09 - PHP Warning:  base64_decode() expects parameter 1 to be string, array given in C:\Users\Ryan\Documents\www\opencart\catalog\controller\checkout\cart.php on line 416
2015-03-29 12:41:52 - PHP Notice:  Undefined variable: duration in C:\Users\Ryan\Documents\www\opencart\catalog\view\theme\lcmtours\template\common\home.tpl on line 14
2015-03-29 12:41:52 - PHP Notice:  Undefined variable: discounts in C:\Users\Ryan\Documents\www\opencart\catalog\view\theme\lcmtours\template\common\home.tpl on line 16
2015-03-29 12:41:52 - PHP Notice:  Undefined variable: price in C:\Users\Ryan\Documents\www\opencart\catalog\view\theme\lcmtours\template\common\home.tpl on line 16
2015-03-29 12:42:27 - PHP Notice:  Undefined variable: discounts in C:\Users\Ryan\Documents\www\opencart\catalog\view\theme\lcmtours\template\common\home.tpl on line 16
2015-03-29 12:42:27 - PHP Notice:  Undefined variable: price in C:\Users\Ryan\Documents\www\opencart\catalog\view\theme\lcmtours\template\common\home.tpl on line 16
2015-03-29 13:37:51 - PHP Notice:  Uninitialized string offset: 1 in C:\Users\Ryan\Documents\www\opencart\admin\view\template\module\html.tpl on line 49
2015-03-29 13:37:51 - PHP Notice:  Uninitialized string offset: 1 in C:\Users\Ryan\Documents\www\opencart\admin\view\template\module\html.tpl on line 55
2015-04-11 15:18:13 - PHP Notice:  Undefined variable: lat in C:\Users\Ryan\Documents\www\opencart\admin\view\template\catalog\product_form.tpl on line 333
2015-04-11 15:18:13 - PHP Notice:  Undefined variable: lng in C:\Users\Ryan\Documents\www\opencart\admin\view\template\catalog\product_form.tpl on line 340
2015-04-11 15:19:26 - PHP Notice:  Undefined variable: lat in C:\Users\Ryan\Documents\www\opencart\admin\view\template\catalog\product_form.tpl on line 333
2015-04-11 15:19:26 - PHP Notice:  Undefined variable: lng in C:\Users\Ryan\Documents\www\opencart\admin\view\template\catalog\product_form.tpl on line 340
2015-04-30 0:26:59 - PHP Notice:  Undefined index: lat in C:\Users\Ryan\Documents\www\opencart\catalog\controller\product\product.php on line 274
2015-04-30 0:26:59 - PHP Notice:  Undefined index: lng in C:\Users\Ryan\Documents\www\opencart\catalog\controller\product\product.php on line 275
2015-04-30 1:03:40 - PHP Notice:  Undefined variable: title in C:\Users\Ryan\Documents\www\opencart\catalog\view\theme\lcmtours\template\product\product.tpl on line 428
2015-05-31 15:30:25 - PHP Notice:  Undefined variable: size in C:\Users\Ryan\Documents\www\lcmtours\catalog\controller\module\featured.php on line 39
2015-05-31 15:30:25 - PHP Notice:  Undefined variable: size in C:\Users\Ryan\Documents\www\lcmtours\catalog\controller\module\featured.php on line 39
2015-05-31 15:30:25 - PHP Warning:  imagecreatetruecolor() [<a href='function.imagecreatetruecolor'>function.imagecreatetruecolor</a>]: Invalid image dimensions in C:\Users\Ryan\Documents\www\lcmtours\system\library\image.php on line 86
2015-05-31 15:30:25 - PHP Warning:  imagecolorallocate() expects parameter 1 to be resource, boolean given in C:\Users\Ryan\Documents\www\lcmtours\system\library\image.php on line 94
2015-05-31 15:30:25 - PHP Warning:  imagefilledrectangle() expects parameter 1 to be resource, boolean given in C:\Users\Ryan\Documents\www\lcmtours\system\library\image.php on line 97
2015-05-31 15:30:25 - PHP Warning:  imagecopyresampled() expects parameter 1 to be resource, boolean given in C:\Users\Ryan\Documents\www\lcmtours\system\library\image.php on line 99
2015-05-31 15:30:25 - PHP Notice:  Undefined variable: size in C:\Users\Ryan\Documents\www\lcmtours\catalog\controller\module\featured.php on line 39
2015-05-31 15:30:25 - PHP Notice:  Undefined variable: size in C:\Users\Ryan\Documents\www\lcmtours\catalog\controller\module\featured.php on line 39
2015-05-31 15:30:27 - PHP Warning:  imagecreatetruecolor() [<a href='function.imagecreatetruecolor'>function.imagecreatetruecolor</a>]: Invalid image dimensions in C:\Users\Ryan\Documents\www\lcmtours\system\library\image.php on line 86
2015-05-31 15:30:27 - PHP Warning:  imagecolorallocate() expects parameter 1 to be resource, boolean given in C:\Users\Ryan\Documents\www\lcmtours\system\library\image.php on line 94
2015-05-31 15:30:27 - PHP Warning:  imagefilledrectangle() expects parameter 1 to be resource, boolean given in C:\Users\Ryan\Documents\www\lcmtours\system\library\image.php on line 97
2015-05-31 15:30:27 - PHP Warning:  imagecopyresampled() expects parameter 1 to be resource, boolean given in C:\Users\Ryan\Documents\www\lcmtours\system\library\image.php on line 99
2015-05-31 15:30:28 - PHP Notice:  Undefined variable: size in C:\Users\Ryan\Documents\www\lcmtours\catalog\controller\module\featured.php on line 39
2015-05-31 15:30:28 - PHP Notice:  Undefined variable: size in C:\Users\Ryan\Documents\www\lcmtours\catalog\controller\module\featured.php on line 39
2015-05-31 15:30:29 - PHP Warning:  imagecreatetruecolor() [<a href='function.imagecreatetruecolor'>function.imagecreatetruecolor</a>]: Invalid image dimensions in C:\Users\Ryan\Documents\www\lcmtours\system\library\image.php on line 86
2015-05-31 15:30:29 - PHP Warning:  imagecolorallocate() expects parameter 1 to be resource, boolean given in C:\Users\Ryan\Documents\www\lcmtours\system\library\image.php on line 94
2015-05-31 15:30:29 - PHP Warning:  imagefilledrectangle() expects parameter 1 to be resource, boolean given in C:\Users\Ryan\Documents\www\lcmtours\system\library\image.php on line 97
2015-05-31 15:30:29 - PHP Warning:  imagecopyresampled() expects parameter 1 to be resource, boolean given in C:\Users\Ryan\Documents\www\lcmtours\system\library\image.php on line 99
2015-05-31 15:30:30 - PHP Notice:  Undefined variable: size in C:\Users\Ryan\Documents\www\lcmtours\catalog\controller\module\featured.php on line 39
2015-05-31 15:30:30 - PHP Notice:  Undefined variable: size in C:\Users\Ryan\Documents\www\lcmtours\catalog\controller\module\featured.php on line 39
2015-05-31 15:30:30 - PHP Warning:  imagecreatetruecolor() [<a href='function.imagecreatetruecolor'>function.imagecreatetruecolor</a>]: Invalid image dimensions in C:\Users\Ryan\Documents\www\lcmtours\system\library\image.php on line 86
2015-05-31 15:30:30 - PHP Warning:  imagecolorallocate() expects parameter 1 to be resource, boolean given in C:\Users\Ryan\Documents\www\lcmtours\system\library\image.php on line 94
2015-05-31 15:30:30 - PHP Warning:  imagefilledrectangle() expects parameter 1 to be resource, boolean given in C:\Users\Ryan\Documents\www\lcmtours\system\library\image.php on line 97
2015-05-31 15:30:30 - PHP Warning:  imagecopyresampled() expects parameter 1 to be resource, boolean given in C:\Users\Ryan\Documents\www\lcmtours\system\library\image.php on line 99
2015-05-31 15:30:30 - PHP Notice:  Undefined variable: size in C:\Users\Ryan\Documents\www\lcmtours\catalog\controller\module\featured.php on line 39
2015-05-31 15:30:30 - PHP Notice:  Undefined variable: size in C:\Users\Ryan\Documents\www\lcmtours\catalog\controller\module\featured.php on line 39
2015-05-31 15:30:33 - PHP Warning:  imagecreatetruecolor() [<a href='function.imagecreatetruecolor'>function.imagecreatetruecolor</a>]: Invalid image dimensions in C:\Users\Ryan\Documents\www\lcmtours\system\library\image.php on line 86
2015-05-31 15:30:33 - PHP Warning:  imagecolorallocate() expects parameter 1 to be resource, boolean given in C:\Users\Ryan\Documents\www\lcmtours\system\library\image.php on line 94
2015-05-31 15:30:33 - PHP Warning:  imagefilledrectangle() expects parameter 1 to be resource, boolean given in C:\Users\Ryan\Documents\www\lcmtours\system\library\image.php on line 97
2015-05-31 15:30:33 - PHP Warning:  imagecopyresampled() expects parameter 1 to be resource, boolean given in C:\Users\Ryan\Documents\www\lcmtours\system\library\image.php on line 99
2015-05-31 15:30:33 - PHP Notice:  Undefined variable: size in C:\Users\Ryan\Documents\www\lcmtours\catalog\controller\module\featured.php on line 39
2015-05-31 15:30:33 - PHP Notice:  Undefined variable: size in C:\Users\Ryan\Documents\www\lcmtours\catalog\controller\module\featured.php on line 39
2015-05-31 15:30:34 - PHP Warning:  imagecreatetruecolor() [<a href='function.imagecreatetruecolor'>function.imagecreatetruecolor</a>]: Invalid image dimensions in C:\Users\Ryan\Documents\www\lcmtours\system\library\image.php on line 86
2015-05-31 15:30:34 - PHP Warning:  imagecolorallocate() expects parameter 1 to be resource, boolean given in C:\Users\Ryan\Documents\www\lcmtours\system\library\image.php on line 94
2015-05-31 15:30:34 - PHP Warning:  imagefilledrectangle() expects parameter 1 to be resource, boolean given in C:\Users\Ryan\Documents\www\lcmtours\system\library\image.php on line 97
2015-05-31 15:30:34 - PHP Warning:  imagecopyresampled() expects parameter 1 to be resource, boolean given in C:\Users\Ryan\Documents\www\lcmtours\system\library\image.php on line 99
2015-05-31 15:42:15 - PHP Notice:  Undefined variable: count in C:\Users\Ryan\Documents\www\lcmtours\catalog\view\theme\lcmtours\template\module\featured.tpl on line 15
2015-06-01 18:31:53 - PHP Notice:  Undefined variable: search_box in C:\Users\Ryan\Documents\www\lcmtours\catalog\view\theme\lcmtours\template\product\search.tpl on line 21
2015-06-01 19:16:20 - PHP Notice:  Use of undefined constant search_preformed - assumed 'search_preformed' in C:\Users\Ryan\Documents\www\lcmtours\catalog\view\theme\lcmtours\template\product\search.tpl on line 102
2015-06-01 19:16:39 - PHP Notice:  Undefined variable: search_preformed in C:\Users\Ryan\Documents\www\lcmtours\catalog\view\theme\lcmtours\template\product\search.tpl on line 102
